<?xml version="1.0" encoding="UTF-8"?>
<!-- Generated by org.testng.reporters.JUnitReportReporter -->
<testsuite hostname="HP-ARIFINTAHU" failures="0" tests="4" name="cobaqaautomation.cobamay2022.CobaWebTest" time="19.824" errors="0" timestamp="2022-05-28T10:34:21 WIB" skipped="0">
  <testcase classname="cobaqaautomation.cobamay2022.CobaWebTest" name="testLoginFailedWrongUsername" time="4.672"/>
  <system-out/>
  <testcase classname="cobaqaautomation.cobamay2022.CobaWebTest" name="testLoginFailedWrongPassword" time="4.187"/>
  <system-out/>
  <testcase classname="cobaqaautomation.cobamay2022.CobaWebTest" name="testLoginFailedWrongUsernameandPassword" time="4.664"/>
  <system-out/>
  <testcase classname="cobaqaautomation.cobamay2022.CobaWebTest" name="testLogin" time="6.301"/>
  <system-out/>
</testsuite> <!-- cobaqaautomation.cobamay2022.CobaWebTest -->
