<?xml version="1.0" encoding="UTF-8"?>
<!-- Generated by org.testng.reporters.JUnitReportReporter -->
<testsuite hostname="HP-ARIFINTAHU" failures="0" tests="1" name="cobaqaautomation.cobamay2022.CobaCommonTest" time="20.497" errors="0" timestamp="2022-06-09T09:14:00 WIB" skipped="0">
  <testcase classname="cobaqaautomation.cobamay2022.CobaCommonTest" name="testSwitching" time="20.497"/>
  <system-out/>
</testsuite> <!-- cobaqaautomation.cobamay2022.CobaCommonTest -->
