<?xml version="1.0" encoding="UTF-8"?>
<!-- Generated by org.testng.reporters.JUnitReportReporter -->
<testsuite hostname="HP-ARIFINTAHU" failures="0" tests="12" name="cobaqaautomation.cobamay2022.CobaWebTestAfterPOM" time="56.157" errors="0" timestamp="2022-06-19T20:09:38 WIB" skipped="0">
  <testcase classname="cobaqaautomation.cobamay2022.CobaWebTestAfterPOM" name="failedNotInputCheckOutPage" time="3.209"/>
  <system-out/>
  <testcase classname="cobaqaautomation.cobamay2022.CobaWebTestAfterPOM" name="testAddProducts" time="18.477"/>
  <system-out/>
  <testcase classname="cobaqaautomation.cobamay2022.CobaWebTestAfterPOM" name="testLoginFailedWrongUsername" time="2.660"/>
  <system-out/>
  <testcase classname="cobaqaautomation.cobamay2022.CobaWebTestAfterPOM" name="checkOut" time="4.953"/>
  <system-out/>
  <testcase classname="cobaqaautomation.cobamay2022.CobaWebTestAfterPOM" name="checkOutOverStepOne" time="3.617"/>
  <system-out/>
  <testcase classname="cobaqaautomation.cobamay2022.CobaWebTestAfterPOM" name="testLogin" time="2.794"/>
  <system-out/>
  <testcase classname="cobaqaautomation.cobamay2022.CobaWebTestAfterPOM" name="testLoginFailedWrongPassword" time="2.694"/>
  <system-out/>
  <testcase classname="cobaqaautomation.cobamay2022.CobaWebTestAfterPOM" name="checkOutStepOne" time="3.067"/>
  <system-out/>
  <testcase classname="cobaqaautomation.cobamay2022.CobaWebTestAfterPOM" name="failedNotInputPostalCode" time="4.393"/>
  <system-out/>
  <testcase classname="cobaqaautomation.cobamay2022.CobaWebTestAfterPOM" name="testLoginFailedWrongUsernameandPassword" time="3.145"/>
  <system-out/>
  <testcase classname="cobaqaautomation.cobamay2022.CobaWebTestAfterPOM" name="failedNotInputFirstName" time="3.579"/>
  <system-out/>
  <testcase classname="cobaqaautomation.cobamay2022.CobaWebTestAfterPOM" name="failedNotInputLastName" time="3.569"/>
  <system-out/>
</testsuite> <!-- cobaqaautomation.cobamay2022.CobaWebTestAfterPOM -->
