<?xml version="1.0" encoding="UTF-8"?>
<!-- Generated by org.testng.reporters.JUnitReportReporter -->
<testsuite hostname="HP-ARIFINTAHU" failures="0" tests="2" name="cobaqaautomation.cobamay2022.CobaGraphQLTest" time="11.466" errors="0" timestamp="2022-06-02T06:37:06 WIB" skipped="0">
  <testcase classname="cobaqaautomation.cobamay2022.CobaGraphQLTest" name="checkCEO" time="9.134"/>
  <system-out/>
  <testcase classname="cobaqaautomation.cobamay2022.CobaGraphQLTest" name="getLaunchesWithVariables" time="2.332"/>
  <system-out/>
</testsuite> <!-- cobaqaautomation.cobamay2022.CobaGraphQLTest -->
