<?xml version="1.0" encoding="UTF-8"?>
<!-- Generated by org.testng.reporters.JUnitReportReporter -->
<testsuite hostname="HP-ARIFINTAHU" failures="0" tests="1" name="cobaqaautomation.cobamay2022.CobaCommonTest" time="19.830" errors="0" timestamp="2022-06-04T05:54:41 WIB" skipped="0">
  <testcase classname="cobaqaautomation.cobamay2022.CobaCommonTest" name="testSwitching" time="19.830"/>
  <system-out/>
</testsuite> <!-- cobaqaautomation.cobamay2022.CobaCommonTest -->
