<?xml version="1.0" encoding="UTF-8"?>
<!-- Generated by org.testng.reporters.JUnitReportReporter -->
<testsuite hostname="HP-ARIFINTAHU" failures="0" tests="4" name="cobaqaautomation.cobamay2022.CobaWebTestAfterRefactor" time="14.455" errors="0" timestamp="2022-06-05T11:35:57 WIB" skipped="0">
  <testcase classname="cobaqaautomation.cobamay2022.CobaWebTestAfterRefactor" name="testLogin" time="2.993"/>
  <system-out/>
  <testcase classname="cobaqaautomation.cobamay2022.CobaWebTestAfterRefactor" name="testLoginFailedWrongUsernameandPassword" time="2.309"/>
  <system-out/>
  <testcase classname="cobaqaautomation.cobamay2022.CobaWebTestAfterRefactor" name="testLoginFailedWrongPassword" time="2.633"/>
  <system-out/>
  <testcase classname="cobaqaautomation.cobamay2022.CobaWebTestAfterRefactor" name="testLoginFailedWrongUsername" time="6.520"/>
  <system-out/>
</testsuite> <!-- cobaqaautomation.cobamay2022.CobaWebTestAfterRefactor -->
