<?xml version="1.0" encoding="UTF-8"?>
<!-- Generated by org.testng.reporters.JUnitReportReporter -->
<testsuite hostname="HP-ARIFINTAHU" failures="0" tests="1" name="cobaqaautomation.cobamay2022.TugasRegisterKolak" time="3.225" errors="0" timestamp="2022-06-09T10:39:41 WIB" skipped="0">
  <testcase classname="cobaqaautomation.cobamay2022.TugasRegisterKolak" name="loginAPI" time="3.225"/>
  <system-out/>
</testsuite> <!-- cobaqaautomation.cobamay2022.TugasRegisterKolak -->
