<?xml version="1.0" encoding="UTF-8"?>
<!-- Generated by org.testng.reporters.JUnitReportReporter -->
<testsuite hostname="HP-ARIFINTAHU" failures="0" tests="4" name="cobaqaautomation.cobamay2022.CobaAPITestAfterRefactor" time="16.212" errors="0" timestamp="2022-06-09T10:50:44 WIB" skipped="0">
  <testcase classname="cobaqaautomation.cobamay2022.CobaAPITestAfterRefactor" name="userAPI" time="5.265"/>
  <system-out/>
  <testcase classname="cobaqaautomation.cobamay2022.CobaAPITestAfterRefactor" name="configAPI" time="3.522"/>
  <system-out/>
  <testcase classname="cobaqaautomation.cobamay2022.CobaAPITestAfterRefactor" name="fakerTest" time="3.545"/>
  <system-out/>
  <testcase classname="cobaqaautomation.cobamay2022.CobaAPITestAfterRefactor" name="dashboardAPI" time="3.880"/>
  <system-out/>
</testsuite> <!-- cobaqaautomation.cobamay2022.CobaAPITestAfterRefactor -->
