<?xml version="1.0" encoding="UTF-8"?>
<!-- Generated by org.testng.reporters.JUnitReportReporter -->
<testsuite hostname="HP-ARIFINTAHU" failures="0" tests="3" name="cobaqaautomation.cobamay2022.CobaAPITest" time="9.285" errors="0" timestamp="2022-05-29T06:13:22 WIB" skipped="0">
  <testcase classname="cobaqaautomation.cobamay2022.CobaAPITest" name="loginAPI" time="4.999"/>
  <system-out/>
  <testcase classname="cobaqaautomation.cobamay2022.CobaAPITest" name="dashboardAPI" time="1.972"/>
  <system-out/>
  <testcase classname="cobaqaautomation.cobamay2022.CobaAPITest" name="configAPI" time="2.314"/>
  <system-out/>
</testsuite> <!-- cobaqaautomation.cobamay2022.CobaAPITest -->
