<?xml version="1.0" encoding="UTF-8"?>
<!-- Generated by org.testng.reporters.JUnitReportReporter -->
<testsuite hostname="HP-ARIFINTAHU" failures="0" tests="1" name="cobaqaautomation.cobamay2022.CobaAPIReqres" time="3.918" errors="0" timestamp="2022-06-05T11:35:11 WIB" skipped="0">
  <testcase classname="cobaqaautomation.cobamay2022.CobaAPIReqres" name="loginAPI" time="3.918"/>
  <system-out/>
</testsuite> <!-- cobaqaautomation.cobamay2022.CobaAPIReqres -->
