<?xml version="1.0" encoding="UTF-8"?>
<!-- Generated by org.testng.reporters.JUnitReportReporter -->
<testsuite hostname="HP-ARIFINTAHU" failures="0" tests="1" name="cobaqaautomation.cobamay2022.pages.TugasAPITestAfterRefactor" time="8.636" errors="0" timestamp="2022-06-09T10:24:04 WIB" skipped="0">
  <testcase classname="cobaqaautomation.cobamay2022.pages.TugasAPITestAfterRefactor" name="registAPI" time="8.636"/>
  <system-out/>
</testsuite> <!-- cobaqaautomation.cobamay2022.pages.TugasAPITestAfterRefactor -->
