<?xml version="1.0" encoding="UTF-8"?>
<!-- Generated by org.testng.reporters.JUnitReportReporter -->
<testsuite hostname="HP-ARIFINTAHU" failures="0" tests="1" name="cobaqaautomation.cobamay2022.pages.TugasAPITestAfterRefactor" time="9.095" errors="0" timestamp="2022-06-05T13:07:56 WIB" skipped="0">
  <testcase classname="cobaqaautomation.cobamay2022.pages.TugasAPITestAfterRefactor" name="registAPI" time="9.095"/>
  <system-out/>
</testsuite> <!-- cobaqaautomation.cobamay2022.pages.TugasAPITestAfterRefactor -->
