<?xml version="1.0" encoding="UTF-8"?>
<!-- Generated by org.testng.reporters.JUnitReportReporter -->
<testsuite hostname="HP-ARIFINTAHU" failures="0" tests="1" name="cobaqaautomation.cobamay2022.AppTest" time="0.002" errors="0" timestamp="2022-05-27T15:44:28 WIB" skipped="0">
  <testcase classname="cobaqaautomation.cobamay2022.AppTest" name="shouldAnswerWithTrue" time="0.002"/>
  <system-out/>
</testsuite> <!-- cobaqaautomation.cobamay2022.AppTest -->
