<?xml version="1.0" encoding="UTF-8"?>
<!-- Generated by org.testng.reporters.JUnitReportReporter -->
<testsuite hostname="HP-ARIFINTAHU" failures="0" tests="1" name="cobaqaautomation.cobamay2022.TugasAPITestAfterRefactor" time="3.390" errors="0" timestamp="2022-06-09T10:40:02 WIB" skipped="0">
  <testcase classname="cobaqaautomation.cobamay2022.TugasAPITestAfterRefactor" name="registAPI" time="3.390"/>
  <system-out/>
</testsuite> <!-- cobaqaautomation.cobamay2022.TugasAPITestAfterRefactor -->
