<?xml version="1.0" encoding="UTF-8"?>
<!-- Generated by org.testng.reporters.JUnitReportReporter -->
<testsuite hostname="HP-ARIFINTAHU" failures="0" tests="13" name="cobaqaautomation.cobamay2022.CobaWebTestAfterPOM" time="38.574" errors="0" timestamp="2022-06-21T13:33:42 WIB" skipped="0">
  <testcase classname="cobaqaautomation.cobamay2022.CobaWebTestAfterPOM" name="checkOutCompleted" time="2.895"/>
  <system-out/>
  <testcase classname="cobaqaautomation.cobamay2022.CobaWebTestAfterPOM" name="checkOutStepTwo" time="2.990"/>
  <system-out/>
  <testcase classname="cobaqaautomation.cobamay2022.CobaWebTestAfterPOM" name="checkOutStepOne" time="2.636"/>
  <system-out/>
  <testcase classname="cobaqaautomation.cobamay2022.CobaWebTestAfterPOM" name="checkOut" time="3.119"/>
  <system-out/>
  <testcase classname="cobaqaautomation.cobamay2022.CobaWebTestAfterPOM" name="testLoginFailedWrongUsername" time="2.229"/>
  <system-out/>
  <testcase classname="cobaqaautomation.cobamay2022.CobaWebTestAfterPOM" name="testLogin" time="2.918"/>
  <system-out/>
  <testcase classname="cobaqaautomation.cobamay2022.CobaWebTestAfterPOM" name="testLoginFailedWrongPassword" time="3.706"/>
  <system-out/>
  <testcase classname="cobaqaautomation.cobamay2022.CobaWebTestAfterPOM" name="testLoginFailedWrongUsernameandPassword" time="2.402"/>
  <system-out/>
  <testcase classname="cobaqaautomation.cobamay2022.CobaWebTestAfterPOM" name="failedNotInputCheckOutPage" time="2.862"/>
  <system-out/>
  <testcase classname="cobaqaautomation.cobamay2022.CobaWebTestAfterPOM" name="failedNotInputFirstName" time="3.336"/>
  <system-out/>
  <testcase classname="cobaqaautomation.cobamay2022.CobaWebTestAfterPOM" name="failedNotInputPostalCode" time="3.256"/>
  <system-out/>
  <testcase classname="cobaqaautomation.cobamay2022.CobaWebTestAfterPOM" name="failedNotInputLastName" time="3.266"/>
  <system-out/>
  <testcase classname="cobaqaautomation.cobamay2022.CobaWebTestAfterPOM" name="testAddProducts" time="2.959"/>
  <system-out/>
</testsuite> <!-- cobaqaautomation.cobamay2022.CobaWebTestAfterPOM -->
