<?xml version="1.0" encoding="UTF-8"?>
<!-- Generated by org.testng.reporters.JUnitReportReporter -->
<testsuite hostname="HP-ARIFINTAHU" failures="0" tests="2" name="cobaqaautomation.cobamay2022.yopmail.BaseWebTestAfterPOM" time="22.176" errors="0" timestamp="2022-06-09T09:41:33 WIB" skipped="0">
  <testcase classname="cobaqaautomation.cobamay2022.yopmail.BaseWebTestAfterPOM" name="testLogin" time="9.144"/>
  <system-out/>
  <testcase classname="cobaqaautomation.cobamay2022.yopmail.BaseWebTestAfterPOM" name="testSwitchFrame" time="13.032"/>
  <system-out/>
</testsuite> <!-- cobaqaautomation.cobamay2022.yopmail.BaseWebTestAfterPOM -->
