<?xml version="1.0" encoding="UTF-8"?>
<!-- Generated by org.testng.reporters.JUnitReportReporter -->
<testsuite hostname="HP-ARIFINTAHU" failures="0" tests="1" name="cobaqaautomation.cobamay2022.yopmail.BaseWebTestAfterPOM" time="9.150" errors="0" timestamp="2022-06-04T16:33:43 WIB" skipped="0">
  <testcase classname="cobaqaautomation.cobamay2022.yopmail.BaseWebTestAfterPOM" name="testSwitchFrame" time="9.150"/>
  <system-out/>
</testsuite> <!-- cobaqaautomation.cobamay2022.yopmail.BaseWebTestAfterPOM -->
