<?xml version="1.0" encoding="UTF-8"?>
<!-- Generated by org.testng.reporters.JUnitReportReporter -->
<testsuite hostname="HP-ARIFINTAHU" failures="0" tests="8" name="cobaqaautomation.cobamay2022.CobaWebTestAfterPOM" time="24.051" errors="0" timestamp="2022-06-16T13:56:27 WIB" skipped="0">
  <testcase classname="cobaqaautomation.cobamay2022.CobaWebTestAfterPOM" name="testLoginFailedWrongPassword" time="2.552"/>
  <system-out/>
  <testcase classname="cobaqaautomation.cobamay2022.CobaWebTestAfterPOM" name="testLoginFailedWrongUsernameandPassword" time="2.307"/>
  <system-out/>
  <testcase classname="cobaqaautomation.cobamay2022.CobaWebTestAfterPOM" name="checkOutOverview" time="3.270"/>
  <system-out/>
  <testcase classname="cobaqaautomation.cobamay2022.CobaWebTestAfterPOM" name="testLogin" time="2.693"/>
  <system-out/>
  <testcase classname="cobaqaautomation.cobamay2022.CobaWebTestAfterPOM" name="yourInformation" time="4.933"/>
  <system-out/>
  <testcase classname="cobaqaautomation.cobamay2022.CobaWebTestAfterPOM" name="testAddProducts" time="2.875"/>
  <system-out/>
  <testcase classname="cobaqaautomation.cobamay2022.CobaWebTestAfterPOM" name="checkOut" time="2.852"/>
  <system-out/>
  <testcase classname="cobaqaautomation.cobamay2022.CobaWebTestAfterPOM" name="testLoginFailedWrongUsername" time="2.569"/>
  <system-out/>
</testsuite> <!-- cobaqaautomation.cobamay2022.CobaWebTestAfterPOM -->
