<?xml version="1.0" encoding="UTF-8"?>
<!-- Generated by org.testng.reporters.JUnitReportReporter -->
<testsuite hostname="HP-ARIFINTAHU" failures="0" tests="1" name="cobaqaautomation.cobamay2022.TugasYopmailTest" time="14.051" errors="0" timestamp="2022-06-04T06:21:17 WIB" skipped="0">
  <testcase classname="cobaqaautomation.cobamay2022.TugasYopmailTest" name="testSwitching" time="14.051"/>
  <system-out/>
</testsuite> <!-- cobaqaautomation.cobamay2022.TugasYopmailTest -->
