<?xml version="1.0" encoding="UTF-8"?>
<!-- Generated by org.testng.reporters.JUnitReportReporter -->
<testsuite hostname="HP-ARIFINTAHU" failures="0" tests="3" name="cobaqaautomation.cobamay2022.CobaAPITestAfterRefactor" time="14.073" errors="0" timestamp="2022-06-05T13:09:28 WIB" skipped="0">
  <testcase classname="cobaqaautomation.cobamay2022.CobaAPITestAfterRefactor" name="configAPI" time="7.278"/>
  <system-out/>
  <testcase classname="cobaqaautomation.cobamay2022.CobaAPITestAfterRefactor" name="dashboardAPI" time="4.183"/>
  <system-out/>
  <testcase classname="cobaqaautomation.cobamay2022.CobaAPITestAfterRefactor" name="fakerTest" time="2.612"/>
  <system-out/>
</testsuite> <!-- cobaqaautomation.cobamay2022.CobaAPITestAfterRefactor -->
