<?xml version="1.0" encoding="UTF-8"?>
<!-- Generated by org.testng.reporters.JUnitReportReporter -->
<testsuite hostname="HP-ARIFINTAHU" failures="0" tests="4" name="cobaqaautomation.cobamay2022.CobaWebTest2" time="21.072" errors="0" timestamp="2022-05-27T06:26:04 WIB" skipped="0">
  <testcase classname="cobaqaautomation.cobamay2022.CobaWebTest2" name="testLoginFailedWrongPassword" time="4.375"/>
  <system-out/>
  <testcase classname="cobaqaautomation.cobamay2022.CobaWebTest2" name="testLoginFailedWrongUsername" time="4.503"/>
  <system-out/>
  <testcase classname="cobaqaautomation.cobamay2022.CobaWebTest2" name="testLoginFailedWrongUsernameandPassword" time="4.553"/>
  <system-out/>
  <testcase classname="cobaqaautomation.cobamay2022.CobaWebTest2" name="testLogin" time="7.641"/>
  <system-out/>
</testsuite> <!-- cobaqaautomation.cobamay2022.CobaWebTest2 -->
