<?xml version="1.0" encoding="UTF-8"?>
<!-- Generated by org.testng.reporters.JUnitReportReporter -->
<testsuite hostname="HP-ARIFINTAHU" failures="0" tests="8" name="cobaqaautomation.cobamay2022.CobaWebTestAfterPOM" time="24.790" errors="0" timestamp="2022-06-09T09:15:35 WIB" skipped="0">
  <testcase classname="cobaqaautomation.cobamay2022.CobaWebTestAfterPOM" name="testLoginFailedWrongUsernameandPassword" time="2.626"/>
  <system-out/>
  <testcase classname="cobaqaautomation.cobamay2022.CobaWebTestAfterPOM" name="yourInformation" time="2.890"/>
  <system-out/>
  <testcase classname="cobaqaautomation.cobamay2022.CobaWebTestAfterPOM" name="testAddProducts" time="2.663"/>
  <system-out/>
  <testcase classname="cobaqaautomation.cobamay2022.CobaWebTestAfterPOM" name="testLogin" time="2.787"/>
  <system-out/>
  <testcase classname="cobaqaautomation.cobamay2022.CobaWebTestAfterPOM" name="testLoginFailedWrongPassword" time="2.837"/>
  <system-out/>
  <testcase classname="cobaqaautomation.cobamay2022.CobaWebTestAfterPOM" name="checkOutOverview" time="3.746"/>
  <system-out/>
  <testcase classname="cobaqaautomation.cobamay2022.CobaWebTestAfterPOM" name="testLoginFailedWrongUsername" time="4.023"/>
  <system-out/>
  <testcase classname="cobaqaautomation.cobamay2022.CobaWebTestAfterPOM" name="checkOut" time="3.218"/>
  <system-out/>
</testsuite> <!-- cobaqaautomation.cobamay2022.CobaWebTestAfterPOM -->
