<?xml version="1.0" encoding="UTF-8"?>
<!-- Generated by org.testng.reporters.JUnitReportReporter -->
<testsuite hostname="HP-ARIFINTAHU" failures="0" tests="8" name="cobaqaautomation.cobamay2022.CobaWebTestAfterPOM" time="26.543" errors="0" timestamp="2022-06-05T13:20:01 WIB" skipped="0">
  <testcase classname="cobaqaautomation.cobamay2022.CobaWebTestAfterPOM" name="yourInformation" time="3.097"/>
  <system-out/>
  <testcase classname="cobaqaautomation.cobamay2022.CobaWebTestAfterPOM" name="testLoginFailedWrongPassword" time="2.494"/>
  <system-out/>
  <testcase classname="cobaqaautomation.cobamay2022.CobaWebTestAfterPOM" name="testLoginFailedWrongUsername" time="2.708"/>
  <system-out/>
  <testcase classname="cobaqaautomation.cobamay2022.CobaWebTestAfterPOM" name="testLoginFailedWrongUsernameandPassword" time="2.357"/>
  <system-out/>
  <testcase classname="cobaqaautomation.cobamay2022.CobaWebTestAfterPOM" name="testAddProducts" time="6.082"/>
  <system-out/>
  <testcase classname="cobaqaautomation.cobamay2022.CobaWebTestAfterPOM" name="checkOutOverview" time="3.745"/>
  <system-out/>
  <testcase classname="cobaqaautomation.cobamay2022.CobaWebTestAfterPOM" name="testLogin" time="2.957"/>
  <system-out/>
  <testcase classname="cobaqaautomation.cobamay2022.CobaWebTestAfterPOM" name="checkOut" time="3.103"/>
  <system-out/>
</testsuite> <!-- cobaqaautomation.cobamay2022.CobaWebTestAfterPOM -->
