<?xml version="1.0" encoding="UTF-8"?>
<!-- Generated by org.testng.reporters.JUnitReportReporter -->
<testsuite hostname="HP-ARIFINTAHU" failures="0" tests="3" name="cobaqaautomation.cobamay2022.CobaAPITest" time="7.224" errors="0" timestamp="21 Jun 2022 06:40:45 GMT" skipped="0">
  <testcase classname="cobaqaautomation.cobamay2022.CobaAPITest" name="loginAPI" time="2.044"/>
  <testcase classname="cobaqaautomation.cobamay2022.CobaAPITest" name="dashboardAPI" time="2.439"/>
  <testcase classname="cobaqaautomation.cobamay2022.CobaAPITest" name="configAPI" time="2.741"/>
</testsuite> <!-- cobaqaautomation.cobamay2022.CobaAPITest -->
