<?xml version="1.0" encoding="UTF-8"?>
<!-- Generated by org.testng.reporters.JUnitReportReporter -->
<testsuite hostname="HP-ARIFINTAHU" failures="0" tests="1" name="cobaqaautomation.cobamay2022.CobaCommonTest" time="16.028" errors="0" timestamp="09 Jun 2022 06:29:43 GMT" skipped="0">
  <testcase classname="cobaqaautomation.cobamay2022.CobaCommonTest" name="testSwitching" time="16.028"/>
</testsuite> <!-- cobaqaautomation.cobamay2022.CobaCommonTest -->
