<?xml version="1.0" encoding="UTF-8"?>
<!-- Generated by org.testng.reporters.JUnitReportReporter -->
<testsuite hostname="HP-ARIFINTAHU" failures="0" tests="4" name="cobaqaautomation.cobamay2022.CobaWebTest" time="21.851" errors="0" timestamp="09 Jun 2022 06:29:43 GMT" skipped="0">
  <testcase classname="cobaqaautomation.cobamay2022.CobaWebTest" name="testLoginFailedWrongPassword" time="6.070"/>
  <testcase classname="cobaqaautomation.cobamay2022.CobaWebTest" name="testLoginFailedWrongUsernameandPassword" time="5.507"/>
  <testcase classname="cobaqaautomation.cobamay2022.CobaWebTest" name="testLoginFailedWrongUsername" time="4.054"/>
  <testcase classname="cobaqaautomation.cobamay2022.CobaWebTest" name="testLogin" time="6.220"/>
</testsuite> <!-- cobaqaautomation.cobamay2022.CobaWebTest -->
