<?xml version="1.0" encoding="UTF-8"?>
<!-- Generated by org.testng.reporters.JUnitReportReporter -->
<testsuite hostname="HP-ARIFINTAHU" failures="0" tests="2" name="cobaqaautomation.cobamay2022.CobaGraphQLTest" time="6.135" errors="0" timestamp="21 Jun 2022 06:40:45 GMT" skipped="0">
  <testcase classname="cobaqaautomation.cobamay2022.CobaGraphQLTest" name="checkCEO" time="4.213"/>
  <testcase classname="cobaqaautomation.cobamay2022.CobaGraphQLTest" name="getLaunchesWithVariables" time="1.922"/>
</testsuite> <!-- cobaqaautomation.cobamay2022.CobaGraphQLTest -->
