<?xml version="1.0" encoding="UTF-8"?>
<!-- Generated by org.testng.reporters.JUnitReportReporter -->
<testsuite hostname="HP-ARIFINTAHU" failures="0" tests="1" name="cobaqaautomation.cobamay2022.AppTest" time="0.063" errors="0" timestamp="09 Jun 2022 06:29:43 GMT" skipped="0">
  <testcase classname="cobaqaautomation.cobamay2022.AppTest" name="shouldAnswerWithTrue" time="0.063"/>
</testsuite> <!-- cobaqaautomation.cobamay2022.AppTest -->
