<?xml version="1.0" encoding="UTF-8"?>
<!-- Generated by org.testng.reporters.JUnitReportReporter -->
<testsuite hostname="HP-ARIFINTAHU" failures="0" tests="1" name="cobaqaautomation.cobamay2022.AppTest" time="0.068" errors="0" timestamp="21 Jun 2022 06:40:45 GMT" skipped="0">
  <testcase classname="cobaqaautomation.cobamay2022.AppTest" name="shouldAnswerWithTrue" time="0.068"/>
</testsuite> <!-- cobaqaautomation.cobamay2022.AppTest -->
