<?xml version="1.0" encoding="UTF-8"?>
<!-- Generated by org.testng.reporters.JUnitReportReporter -->
<testsuite hostname="HP-ARIFINTAHU" failures="0" tests="2" name="cobaqaautomation.cobamay2022.CobaGraphQLTest" time="7.133" errors="0" timestamp="09 Jun 2022 06:29:43 GMT" skipped="0">
  <testcase classname="cobaqaautomation.cobamay2022.CobaGraphQLTest" name="checkCEO" time="4.786"/>
  <testcase classname="cobaqaautomation.cobamay2022.CobaGraphQLTest" name="getLaunchesWithVariables" time="2.347"/>
</testsuite> <!-- cobaqaautomation.cobamay2022.CobaGraphQLTest -->
