<?xml version="1.0" encoding="UTF-8"?>
<!-- Generated by org.testng.reporters.JUnitReportReporter -->
<testsuite hostname="HP-ARIFINTAHU" failures="0" tests="3" name="cobaqaautomation.cobamay2022.CobaAPITest" time="6.207" errors="0" timestamp="09 Jun 2022 06:29:43 GMT" skipped="0">
  <testcase classname="cobaqaautomation.cobamay2022.CobaAPITest" name="loginAPI" time="2.362"/>
  <testcase classname="cobaqaautomation.cobamay2022.CobaAPITest" name="dashboardAPI" time="2.003"/>
  <testcase classname="cobaqaautomation.cobamay2022.CobaAPITest" name="configAPI" time="1.842"/>
</testsuite> <!-- cobaqaautomation.cobamay2022.CobaAPITest -->
