<?xml version="1.0" encoding="UTF-8"?>
<!-- Generated by org.testng.reporters.JUnitReportReporter -->
<testsuite hostname="HP-ARIFINTAHU" failures="0" tests="4" name="cobaqaautomation.cobamay2022.CobaWebTest" time="23.581" errors="0" timestamp="21 Jun 2022 06:40:45 GMT" skipped="0">
  <testcase classname="cobaqaautomation.cobamay2022.CobaWebTest" name="testLoginFailedWrongPassword" time="5.751"/>
  <testcase classname="cobaqaautomation.cobamay2022.CobaWebTest" name="testLoginFailedWrongUsernameandPassword" time="5.593"/>
  <testcase classname="cobaqaautomation.cobamay2022.CobaWebTest" name="testLoginFailedWrongUsername" time="5.182"/>
  <testcase classname="cobaqaautomation.cobamay2022.CobaWebTest" name="testLogin" time="7.055"/>
</testsuite> <!-- cobaqaautomation.cobamay2022.CobaWebTest -->
